2026-01-14 20:49:20: 
> ai-grading-backend@0.1.0 start
> next start

2026-01-14 20:49:20: 2026-01-14 20:49:20: 
> ai-grading-backend@0.1.0 start
> next start

2026-01-14 20:49:20: 2026-01-14 20:49:21: 
> ai-grading-backend@0.1.0 start
> next start

2026-01-14 20:49:21: 2026-01-14 20:49:21: 
> ai-grading-backend@0.1.0 start
> next start

2026-01-14 20:49:21: 2026-01-14 20:49:21: 
> ai-grading-backend@0.1.0 start
> next start

2026-01-14 20:49:21: 2026-01-14 20:49:22: 
> ai-grading-backend@0.1.0 start
> next start

2026-01-14 20:49:22: 2026-01-14 20:49:22: 
> ai-grading-backend@0.1.0 start
> next start

2026-01-14 20:49:22: 2026-01-14 20:49:22: 
> ai-grading-backend@0.1.0 start
> next start

2026-01-14 20:49:22: 2026-01-14 20:49:23: 
> ai-grading-backend@0.1.0 start
> next start

2026-01-14 20:49:23: 2026-01-14 20:49:23: 
> ai-grading-backend@0.1.0 start
> next start

2026-01-14 20:49:23: 2026-01-14 20:49:23: 
> ai-grading-backend@0.1.0 start
> next start

2026-01-14 20:49:23: 2026-01-14 20:49:23: 
> ai-grading-backend@0.1.0 start
> next start

2026-01-14 20:49:24: 2026-01-14 20:49:24: 
> ai-grading-backend@0.1.0 start
> next start

2026-01-14 20:49:24: 2026-01-14 20:49:24: 
> ai-grading-backend@0.1.0 start
> next start

2026-01-14 20:49:24: 2026-01-14 20:49:24: 
> ai-grading-backend@0.1.0 start
> next start

2026-01-14 20:49:25: 2026-01-14 20:49:25: 
> ai-grading-backend@0.1.0 start
> next start

2026-01-14 20:49:25: 2026-01-14 20:51:04: 
> ai-grading-backend@0.1.0 dev
> next dev

2026-01-14 20:52:40: 2026-01-17 23:28:49: 
> ai-grading-backend@0.1.0 dev
> next dev

2026-01-18 00:01:12: 2026-01-18 00:01:12: 
> ai-grading-backend@0.1.0 dev
> next dev

2026-01-18 00:12:37: 2026-01-18 00:12:37: 
> ai-grading-backend@0.1.0 dev
> next dev

2026-01-18 13:49:00: 2026-01-18 13:49:00: 
> ai-grading-backend@0.1.0 dev
> next dev

